
ROM used:   214/8192 (3%)
            214/8192 (3%) including unused fragments

            0.2 Average locations per line
            7.4 Average locations per statement

RAM used:   7/1024 (1%) at main() level
            21/1024 (2%) worst case

Stack used: 1 worst case (1 in main + 0 for interrupts)
Stack size: 16

Lines Stmts  %   Files
----- ----- ---  -----
  139    16  55  main.c
  926     0   0  C:\Program Files (x86)\PICC\devices\16F1825.h
   31    13  45  74HC595.c
   12     0   0  74HC595.h
----- -----
 1108    29 Total

Page ROM  %  RAM    Vol Diff  Functions:
---- --- --- ---    --- ----  ----------
0     21  10    1             @delay_ms1
0     20   9    3    241  5.5  HC74595_send
0      4   2    0     56  1.6  HC74595_Latch
 Inline         0     56  1.6  HC74595_Clk
0     80  37    1    293  2.2  MAIN
0      5   2    0             @const674
0     81  38    3             @PSTRINGC7_9600_116_117
 Inline         0             @cinit1

Program metrics:
    Functions               4
    Statements              29
    Comments                270
    Volume (V)              893
    Difficulty (D)          10.3
    Effort to implement (E) 9175
    Time to implement (T)   8 minutes
    Est Delivered Bugs (B)  0
    Cyclomatic Complexity   2
    Maintainability (MI)    119

 Segment     Used  Free
-----------  ----  ----
00000-00002     3  0  
00003-007FF   211  1834  
00800-00FFF     0  2048  
01000-017FF     0  2048  
01800-01FFF     0  2048  



